<?xml version="1.0" encoding="UTF-8"?>
<!-- Generated by org.testng.reporters.JUnitReportReporter -->
<testsuite hostname="Omeshs-MacBook-Pro.local" failures="0" tests="2" name="rahulshettyacademy.tests.ErrorValidationsTest" time="11.190" errors="0" timestamp="17 Oct 2022 05:23:34 GMT" skipped="0">
  <testcase classname="rahulshettyacademy.tests.ErrorValidationsTest" name="LoginErrorValidation" time="3.124"/>
  <testcase classname="rahulshettyacademy.tests.ErrorValidationsTest" name="ProductErrorValidation" time="8.066"/>
</testsuite> <!-- rahulshettyacademy.tests.ErrorValidationsTest -->
