<?xml version="1.0" encoding="UTF-8"?>
<!-- Generated by org.testng.reporters.JUnitReportReporter -->
<testsuite hostname="Omeshs-MacBook-Pro.local" failures="0" tests="3" name="rahulshettyacademy.tests.SubmitOrderTest" time="21.019" errors="0" timestamp="17 Oct 2022 05:23:34 GMT" skipped="0">
  <testcase classname="rahulshettyacademy.tests.SubmitOrderTest" name="submitOrder" time="10.161"/>
  <testcase classname="rahulshettyacademy.tests.SubmitOrderTest" name="submitOrder" time="7.533"/>
  <testcase classname="rahulshettyacademy.tests.SubmitOrderTest" name="OrderHistoryTest" time="3.325"/>
</testsuite> <!-- rahulshettyacademy.tests.SubmitOrderTest -->
